<?xml version="1.0" encoding="UTF-8" ?>
<testsuite errors="0" failures="0" hostname="Adits-MacBook-Pro.local" name="edu.umb.cs.cs680.hw07.FIFOTest" skipped="0" tests="3" time="0.095" timestamp="2017-11-29T04:41:22">
  <properties>
[...]
</properties>
  <testcase classname="edu.umb.cs.cs680.hw07.FIFOTest" name="fetchFileNotStored" time="0.022" />
  <testcase classname="edu.umb.cs.cs680.hw07.FIFOTest" name="fetchFileStored" time="0.001" />
  <testcase classname="edu.umb.cs.cs680.hw07.FIFOTest" name="fetchFileStoredAndNotStored" time="0.002" />
  <system-out><![CDATA[fetchFileNotStored cache. Cache is of size-5 and has File1, File2, File3 and File4 and requesting for File5 
Printing cache
File3.txt
File1.txt
File2.txt
File4.txt
File5.txt
fetchFileStored cache. Cache is of size-5 and has File1, File2, File3, File4 and File5 and requesting for File1
Printing cache
File3.txt
File1.txt
File2.txt
File4.txt
File5.txt
fetchFileStoredAndNotStored cache. Cache is of size-5 and has File1, File2, File3 and File4 and requesting for File5, File1 and File6
Printing cache
File3.txt
File2.txt
File4.txt
File5.txt
File6.txt
]]></system-out>
  <system-err><![CDATA[]]></system-err>
</testsuite>
